<?xml version="1.0" encoding="UTF-8"?>
<!-- Generated by org.testng.reporters.JUnitXMLReporter -->
<testsuite hostname="tester-VirtualBox" name="Default test" tests="6" failures="0" timestamp="12 Jul 2019 20:58:42 GMT" time="18.225" errors="0">
  <testcase name="NegPraznoDodavanjeInstitucijeTest" time="3.152" classname="zavrsni_ispit_12_07_2019.Testovi.DodavanjeInstitucijaTest"/>
  <testcase name="NegNevalidanEmailDodavanjeInstitucijeTest" time="4.024" classname="zavrsni_ispit_12_07_2019.Testovi.DodavanjeInstitucijaTest"/>
  <testcase name="NegSlovaUmestoBrojaTelInstitucijeTest" time="3.54" classname="zavrsni_ispit_12_07_2019.Testovi.DodavanjeInstitucijaTest"/>
  <testcase name="NegNevalidnaLozinkaDodavanjeInstitucijeTest" time="2.923" classname="zavrsni_ispit_12_07_2019.Testovi.DodavanjeInstitucijaTest"/>
  <testcase name="DodavanjeInstitucijeTest" time="3.736" classname="zavrsni_ispit_12_07_2019.Testovi.DodavanjeInstitucijaTest"/>
  <testcase name="DaLiSeDodalaInstitucijaTest" time="0.761" classname="zavrsni_ispit_12_07_2019.Testovi.DodavanjeInstitucijaTest"/>
</testsuite> <!-- Default test -->
